[Fri 05/08/2026  5:26:51.22] Process Started 
[Fri 05/08/2026  5:26:51.80] Python Check: OK - Python 3.14.3 
[Fri 05/08/2026  5:27:11.54] Input File Selected:  
[Fri 05/08/2026  5:28:17.85] Process Started 
[Fri 05/08/2026  5:28:18.68] Python Check: OK - Python 3.14.3 
[Fri 05/08/2026  5:34:28.71] Process Started 
[Fri 05/08/2026  5:34:29.37] Python Check: OK - Python 3.14.3 
[Fri 05/08/2026  5:34:54.84] Process Started 
[Fri 05/08/2026  5:34:55.42] Python Check: OK - Python 3.14.3 
[Fri 05/08/2026  5:36:43.97] Process Started 
[Fri 05/08/2026  5:36:44.52] Python Check: OK - Python 3.14.3 
[Fri 05/08/2026  5:37:41.73] Process Started 
[Fri 05/08/2026  5:37:42.30] Python Check: OK - Python 3.14.3 
[Fri 05/08/2026  5:37:54.05] Input File Selected: mt_m_customer.xml 
[Fri 05/08/2026  5:41:45.27] Process Started 
[Fri 05/08/2026  5:41:45.87] Python Check: OK - Python 3.14.3 
[Fri 05/08/2026  5:41:59.08] Input File Selected: mt_m_customer.xml 
[Fri 05/08/2026  5:46:08.20] Process Started 
[Fri 05/08/2026  5:46:08.75] Python Check: OK - Python 3.14.3 
[Fri 05/08/2026  5:46:37.39] Process Started 
[Fri 05/08/2026  5:46:37.92] Python Check: OK - Python 3.14.3 
[Fri 05/08/2026  5:47:31.99] Process Started 
[Fri 05/08/2026  5:47:32.53] Python Check: OK - Python 3.14.3 
[Fri 05/08/2026  5:47:42.19] Input File Selected: 01DMSO_01DMSO0Z0000000000039151106116875712554.xml 
